<?xml version="1.0" encoding="UTF-8"?>
<!-- Generated by org.testng.reporters.JUnitReportReporter -->
<testsuite name="exampleTest" tests="1" time="33.393" ignored="0" failures="0" timestamp="26 Sep 2018 07:24:33 GMT" skipped="0" hostname="MacBook-Pro-mac.local" errors="0">
  <testcase name="exampleTest" time="33.393" classname="exampleTest"/>
</testsuite> <!-- exampleTest -->
